<configuration>
    
  <conversionRule conversionWord="coloredLevel" converterClass="play.api.Logger$ColoredLevel" />
  
    <appender name="FFETCHER" class="ch.qos.logback.core.FileAppender">
     <file>${application.home}/logs/fetcher.log</file>
     <encoder>
        <pattern>%d{HH:mm:ss.SSS} %level [%logger] %thread - %message%n%xException{5} </pattern>
     </encoder>
   </appender>

  <appender name="STDOUT" class="ch.qos.logback.core.ConsoleAppender">
    <encoder>
      <pattern>%d{HH:mm:ss.SSS} %coloredLevel [%logger{15}] - %message%n%xException{5} </pattern>
    </encoder>
  </appender>
  <!--[%caller{3,1}:%L]-->
  <logger name="play" level="INFO" />
  <logger name="application" level="DEBUG" />
  
  <logger name="ExternalGetter" level="DEBUG" />
  <logger name="PhantomExecutor" level="DEBUG" />
  
  <logger name="fetcher" level="DEBUG" >  </logger>
  
  <!--
  <logger name="AvsCacheParser" level="DEBUG" />
  <logger name="GatesStorageActor" level="DEBUG" />
  <logger name="CacheStorageActor" level="DEBUG" />
  <logger name="NorvegianAirlines" level="DEBUG" />
  <logger name="Airberlin" level="DEBUG" />
  <logger name="Aviasales" level="DEBUG" />
  

  <logger name="SwissAirlines" level="DEBUG" />
  <logger name="FlyTap" level="DEBUG" />
  <logger name="CheapAir" level="DEBUG" />
  -->
  

  <root level="DEBUG">
    <appender-ref ref="STDOUT" />
  </root>
  

</configuration>
